#
# A fatal error has been detected by the Java Runtime Environment:
#
#  EXCEPTION_ACCESS_VIOLATION (0xc0000005) at pc=0x00007ff96d530e10, pid=71776, tid=53420
#
# JRE version: Java(TM) SE Runtime Environment 18.9 (11.0.22+9) (build 11.0.22+9-LTS-219)
# Java VM: Java HotSpot(TM) 64-Bit Server VM 18.9 (11.0.22+9-LTS-219, mixed mode, tiered, compressed oops, g1 gc, windows-amd64)
# Problematic frame:
# V  [jvm.dll+0x110e10]
#
# No core dump will be written. Minidumps are not enabled by default on client versions of Windows
#
# If you would like to submit a bug report, please visit:
#   https://bugreport.java.com/bugreport/crash.jsp
#

---------------  S U M M A R Y ------------

Command Line: -agentlib:jdwp=transport=dt_socket,address=127.0.0.1:9536,suspend=y,server=n -agentpath:C:\Users\H\AppData\Local\Temp\idea_libasyncProfiler_dll_temp_folder6\libasyncProfiler.dll=version,jfr,event=wall,interval=10ms,cstack=no,file=C:\Users\H\IdeaSnapshots\ZetaApplication_2025_04_29_175422.jfr,dbghelppath=C:\Users\H\AppData\Local\Temp\idea_dbghelp_dll_temp_folder\dbghelp.dll,log=C:\Users\H\AppData\Local\Temp\ZetaApplication_2025_04_29_175422.jfr.log.txt,logLevel=DEBUG -XX:TieredStopAtLevel=1 -Xverify:none -Dspring.output.ansi.enabled=always -Dcom.sun.management.jmxremote -Dspring.jmx.enabled=true -Dspring.liveBeansView.mbeanDomain -Dspring.application.admin.enabled=true -Dmanagement.endpoints.jmx.exposure.include=* -javaagent:C:\Users\H\AppData\Local\JetBrains\IntelliJIdea2024.3\captureAgent\debugger-agent.jar -Dkotlinx.coroutines.debug.enable.creation.stack.trace=false -Ddebugger.agent.enable.coroutines=true -Dkotlinx.coroutines.debug.enable.flows.stack.trace=true -Dkotlinx.coroutines.debug.enable.mutable.state.flows.stack.trace=true -agentpath:C:\Users\H\AppData\Local\JetBrains\IntelliJIdea2024.3\microservices-jvm\scheduled\4\win\amd64\scheduled.dll=bind=127.0.0.1:9537 -Dfile.encoding=UTF-8 com.zeta.ZetaApplication

Host: 13th Gen Intel(R) Core(TM) i7-13700KF, 24 cores, 31G,  Windows 11 , 64 bit Build 26100 (10.0.26100.3775)
Time: Tue Apr 29 17:54:22 2025  Windows 11 , 64 bit Build 26100 (10.0.26100.3775) elapsed time: 0.139032 seconds (0d 0h 0m 0s)

---------------  T H R E A D  ---------------

Current thread (0x000001dd7cd52800):  JavaThread "main" [_thread_in_vm, id=53420, stack(0x0000000393600000,0x0000000393700000)]

Stack: [0x0000000393600000,0x0000000393700000],  sp=0x00000003936fb8f8,  free space=1006k
Native frames: (J=compiled Java code, j=interpreted, Vv=VM code, C=native code)
V  [jvm.dll+0x110e10]

Java frames: (J=compiled Java code, j=interpreted, Vv=VM code)
j  java.lang.ClassLoader$NativeLibrary.<clinit>()V+0 java.base@11.0.22
v  ~StubRoutines::call_stub
j  java.lang.ClassLoader$2.run()Ljava/lang/String;+0 java.base@11.0.22
j  java.lang.ClassLoader$2.run()Ljava/lang/Object;+1 java.base@11.0.22
v  ~StubRoutines::call_stub
j  java.security.AccessController.doPrivileged(Ljava/security/PrivilegedAction;)Ljava/lang/Object;+0 java.base@11.0.22
j  java.lang.ClassLoader.loadLibrary0(Ljava/lang/Class;Ljava/io/File;)Z+30 java.base@11.0.22
j  java.lang.ClassLoader.loadLibrary(Ljava/lang/Class;Ljava/lang/String;Z)V+228 java.base@11.0.22
j  java.lang.Runtime.loadLibrary0(Ljava/lang/Class;Ljava/lang/String;)V+54 java.base@11.0.22
j  java.lang.System.loadLibrary(Ljava/lang/String;)V+7 java.base@11.0.22
j  sun.instrument.InstrumentationImpl.<clinit>()V+2 java.instrument@11.0.22
v  ~StubRoutines::call_stub

siginfo: EXCEPTION_ACCESS_VIOLATION (0xc0000005), reading address 0x0000000000000000


Register to memory mapping:

RIP=0x00007ff96d530e10 jvm.dll
RAX=0x000001dd23a10320 points into unknown readable memory: 0x29283c88ffff0014 | 14 00 ff ff 88 3c 28 29
RBX=0x000001dd23a0d838 points into unknown readable memory: 0x6567b549ffff0007 | 07 00 ff ff 49 b5 67 65
RCX=0x0 is NULL
RDX=0xffff81e35f05ceb8 is an unknown value
RSP=0x00000003936fb8f8 is pointing into the stack for thread: 0x000001dd7cd52800
RBP=0x00007ff9c49b3480 scheduled.dll
RSI=0x0 is NULL
RDI=0x000001dd23a10320 points into unknown readable memory: 0x29283c88ffff0014 | 14 00 ff ff 88 3c 28 29
R8 =0x00007ff9c49b3468 scheduled.dll
R9 =0x0000000000000014 is an unknown value
R10=0x000001dd23aee210 points into unknown readable memory: 0x0000000073cf11cb | cb 11 cf 73 00 00 00 00
R11=0x0000000000000003 is an unknown value
R12=0x00007ff9c49b3480 scheduled.dll
R13=0x000001dd7cd52800 is a thread
R14=0x0 is NULL
R15=0x00007ff9c49b3468 scheduled.dll


Registers:
RAX=0x000001dd23a10320, RBX=0x000001dd23a0d838, RCX=0x0000000000000000, RDX=0xffff81e35f05ceb8
RSP=0x00000003936fb8f8, RBP=0x00007ff9c49b3480, RSI=0x0000000000000000, RDI=0x000001dd23a10320
R8 =0x00007ff9c49b3468, R9 =0x0000000000000014, R10=0x000001dd23aee210, R11=0x0000000000000003
R12=0x00007ff9c49b3480, R13=0x000001dd7cd52800, R14=0x0000000000000000, R15=0x00007ff9c49b3468
RIP=0x00007ff96d530e10, EFLAGS=0x0000000000010246

Top of Stack: (sp=0x00000003936fb8f8)
0x00000003936fb8f8:   00007ff96d7ffbb7 000001dd23a0d838
0x00000003936fb908:   0000000000000000 000001dd73040001
0x00000003936fb918:   000001dd00013f20 000001dd7cd52800
0x00000003936fb928:   00007ff96d7ab0a2 000001dd2408ad00
0x00000003936fb938:   00000003936fba30 73cf11cbfb82e301
0x00000003936fb948:   00000003936fbae0 000001dd7cd52800
0x00000003936fb958:   0000000000000000 000001dd2408ad00
0x00000003936fb968:   000001dd7cd52800 000001dd23a0dd30
0x00000003936fb978:   000001dd23a102e0 000000080006b0c8
0x00000003936fb988:   0000000000000000 0000000000000000
0x00000003936fb998:   0000000000000000 000001dd73040000
0x00000003936fb9a8:   00007ff900000000 000000080006b0c8
0x00000003936fb9b8:   000000080006b0c8 000001dd2408ad00
0x00000003936fb9c8:   000001dd7cd52800 000001dd2408ad00
0x00000003936fb9d8:   000001dd7cd52800 fffffffe00000000
0x00000003936fb9e8:   0000000000000000 0000000000000000 

Instructions: (pc=0x00007ff96d530e10)
0x00007ff96d530df0:   ff e0 cc cc cc cc cc cc cc cc cc cc cc cc cc cc
0x00007ff96d530e00:   8b 05 42 22 94 00 c3 cc cc cc cc cc cc cc cc cc
0x00007ff96d530e10:   48 8b 01 c3 cc cc cc cc cc cc cc cc cc cc cc cc
0x00007ff96d530e20:   8b 01 85 c0 75 03 33 c0 c3 8b 0d 19 22 94 00 48 


Stack slot to memory mapping:
stack at sp + 0 slots: 0x00007ff96d7ffbb7 jvm.dll
stack at sp + 1 slots: 0x000001dd23a0d838 points into unknown readable memory: 0x6567b549ffff0007 | 07 00 ff ff 49 b5 67 65
stack at sp + 2 slots: 0x0 is NULL
stack at sp + 3 slots: 0x000001dd73040001 points into unknown readable memory: 00 00 00 00 00 00 00
stack at sp + 4 slots: 0x000001dd00013f20 is at code_begin+0 in an Interpreter codelet
method entry point (kind = zerolocals)  [0x000001dd00013f20, 0x000001dd000147e0]  2240 bytes
stack at sp + 5 slots: 0x000001dd7cd52800 is a thread
stack at sp + 6 slots: 0x00007ff96d7ab0a2 jvm.dll
stack at sp + 7 slots: {method} {0x000001dd2408ad08} 'getFromClass' '()Ljava/lang/Class;' in 'java/lang/ClassLoader$NativeLibrary'


---------------  P R O C E S S  ---------------

Threads class SMR info:
_java_thread_list=0x000001dd24650490, length=12, elements={
0x000001dd7cd52800, 0x000001dd23b2a000, 0x000001dd23b2d000, 0x000001dd23bc3800,
0x000001dd23bc6800, 0x000001dd23bc7800, 0x000001dd23bcd000, 0x000001dd23bde000,
0x000001dd23ae8800, 0x000001dd2463c800, 0x000001dd2463d800, 0x000001dd24662800
}
_to_delete_list=0x000001dd24650790, length=11, elements={
0x000001dd7cd52800, 0x000001dd23b2a000, 0x000001dd23b2d000, 0x000001dd23bc3800,
0x000001dd23bc6800, 0x000001dd23bc7800, 0x000001dd23bcd000, 0x000001dd23bde000,
0x000001dd23ae8800, 0x000001dd2463c800, 0x000001dd2463d800
}

Java Threads: ( => current thread )
=>0x000001dd7cd52800 JavaThread "main" [_thread_in_vm, id=53420, stack(0x0000000393600000,0x0000000393700000)]
  0x000001dd23b2a000 JavaThread "Reference Handler" daemon [_thread_blocked, id=65824, stack(0x0000000393d00000,0x0000000393e00000)]
  0x000001dd23b2d000 JavaThread "Finalizer" daemon [_thread_blocked, id=76160, stack(0x0000000393e00000,0x0000000393f00000)]
  0x000001dd23bc3800 JavaThread "Signal Dispatcher" daemon [_thread_blocked, id=78052, stack(0x0000000393f00000,0x0000000394000000)]
  0x000001dd23bc6800 JavaThread "Attach Listener" daemon [_thread_blocked, id=30648, stack(0x0000000394000000,0x0000000394100000)]
  0x000001dd23bc7800 JavaThread "Service Thread" daemon [_thread_blocked, id=67624, stack(0x0000000394100000,0x0000000394200000)]
  0x000001dd23bcd000 JavaThread "C1 CompilerThread0" daemon [_thread_blocked, id=71868, stack(0x0000000394200000,0x0000000394300000)]
  0x000001dd23bde000 JavaThread "Sweeper thread" daemon [_thread_blocked, id=23480, stack(0x0000000394300000,0x0000000394400000)]
  0x000001dd23ae8800 JavaThread "Common-Cleaner" daemon [_thread_blocked, id=52380, stack(0x0000000394400000,0x0000000394500000)]
  0x000001dd2463c800 JavaThread "JDWP Transport Listener: dt_socket" daemon [_thread_blocked, id=13500, stack(0x0000000394500000,0x0000000394600000)]
  0x000001dd2463d800 JavaThread "JDWP Event Helper Thread" daemon [_thread_blocked, id=71000, stack(0x0000000394600000,0x0000000394700000)]
  0x000001dd24662800 JavaThread "JDWP Command Reader" daemon [_thread_in_native, id=72060, stack(0x0000000394700000,0x0000000394800000)]

Other Threads:
  0x000001dd23b27000 VMThread "VM Thread" [stack: 0x0000000393c00000,0x0000000393d00000] [id=72416]
  0x000001dd7cd6f800 GCTaskThread "GC Thread#0" [stack: 0x0000000393700000,0x0000000393800000] [id=69404]
  0x000001dd7cdf0000 ConcurrentGCThread "G1 Main Marker" [stack: 0x0000000393800000,0x0000000393900000] [id=56968]
  0x000001dd7cdf6800 ConcurrentGCThread "G1 Conc#0" [stack: 0x0000000393900000,0x0000000393a00000] [id=67696]
  0x000001dd7cdf1000 ConcurrentGCThread "G1 Refine#0" [stack: 0x0000000393a00000,0x0000000393b00000] [id=32180]
  0x000001dd23990800 ConcurrentGCThread "G1 Young RemSet Sampling" [stack: 0x0000000393b00000,0x0000000393c00000] [id=35828]

Threads with active compile tasks:

VM state:not at safepoint (normal execution)

VM Mutex/Monitor currently owned by a thread: None

Heap address: 0x0000000602800000, size: 8152 MB, Compressed Oops mode: Zero based, Oop shift amount: 3
Narrow klass base: 0x0000000800000000, Narrow klass shift: 0
Compressed class space size: 1073741824 Address: 0x0000000800000000

Heap:
 garbage-first heap   total 522240K, used 2048K [0x0000000602800000, 0x0000000800000000)
  region size 2048K, 2 young (4096K), 0 survivors (0K)
 Metaspace       used 4764K, capacity 4815K, committed 5120K, reserved 1056768K
  class space    used 412K, capacity 438K, committed 512K, reserved 1048576K
Heap Regions: E=young(eden), S=young(survivor), O=old, HS=humongous(starts), HC=humongous(continues), CS=collection set, F=free, A=archive, TAMS=top-at-mark-start (previous, next)
|   0|0x0000000602800000, 0x0000000602800000, 0x0000000602a00000|  0%| F|  |TAMS 0x0000000602800000, 0x0000000602800000| Untracked 
|   1|0x0000000602a00000, 0x0000000602a00000, 0x0000000602c00000|  0%| F|  |TAMS 0x0000000602a00000, 0x0000000602a00000| Untracked 
|   2|0x0000000602c00000, 0x0000000602c00000, 0x0000000602e00000|  0%| F|  |TAMS 0x0000000602c00000, 0x0000000602c00000| Untracked 
|   3|0x0000000602e00000, 0x0000000602e00000, 0x0000000603000000|  0%| F|  |TAMS 0x0000000602e00000, 0x0000000602e00000| Untracked 
|   4|0x0000000603000000, 0x0000000603000000, 0x0000000603200000|  0%| F|  |TAMS 0x0000000603000000, 0x0000000603000000| Untracked 
|   5|0x0000000603200000, 0x0000000603200000, 0x0000000603400000|  0%| F|  |TAMS 0x0000000603200000, 0x0000000603200000| Untracked 
|   6|0x0000000603400000, 0x0000000603400000, 0x0000000603600000|  0%| F|  |TAMS 0x0000000603400000, 0x0000000603400000| Untracked 
|   7|0x0000000603600000, 0x0000000603600000, 0x0000000603800000|  0%| F|  |TAMS 0x0000000603600000, 0x0000000603600000| Untracked 
|   8|0x0000000603800000, 0x0000000603800000, 0x0000000603a00000|  0%| F|  |TAMS 0x0000000603800000, 0x0000000603800000| Untracked 
|   9|0x0000000603a00000, 0x0000000603a00000, 0x0000000603c00000|  0%| F|  |TAMS 0x0000000603a00000, 0x0000000603a00000| Untracked 
|  10|0x0000000603c00000, 0x0000000603c00000, 0x0000000603e00000|  0%| F|  |TAMS 0x0000000603c00000, 0x0000000603c00000| Untracked 
|  11|0x0000000603e00000, 0x0000000603e00000, 0x0000000604000000|  0%| F|  |TAMS 0x0000000603e00000, 0x0000000603e00000| Untracked 
|  12|0x0000000604000000, 0x0000000604000000, 0x0000000604200000|  0%| F|  |TAMS 0x0000000604000000, 0x0000000604000000| Untracked 
|  13|0x0000000604200000, 0x0000000604200000, 0x0000000604400000|  0%| F|  |TAMS 0x0000000604200000, 0x0000000604200000| Untracked 
|  14|0x0000000604400000, 0x0000000604400000, 0x0000000604600000|  0%| F|  |TAMS 0x0000000604400000, 0x0000000604400000| Untracked 
|  15|0x0000000604600000, 0x0000000604600000, 0x0000000604800000|  0%| F|  |TAMS 0x0000000604600000, 0x0000000604600000| Untracked 
|  16|0x0000000604800000, 0x0000000604800000, 0x0000000604a00000|  0%| F|  |TAMS 0x0000000604800000, 0x0000000604800000| Untracked 
|  17|0x0000000604a00000, 0x0000000604a00000, 0x0000000604c00000|  0%| F|  |TAMS 0x0000000604a00000, 0x0000000604a00000| Untracked 
|  18|0x0000000604c00000, 0x0000000604c00000, 0x0000000604e00000|  0%| F|  |TAMS 0x0000000604c00000, 0x0000000604c00000| Untracked 
|  19|0x0000000604e00000, 0x0000000604e00000, 0x0000000605000000|  0%| F|  |TAMS 0x0000000604e00000, 0x0000000604e00000| Untracked 
|  20|0x0000000605000000, 0x0000000605000000, 0x0000000605200000|  0%| F|  |TAMS 0x0000000605000000, 0x0000000605000000| Untracked 
|  21|0x0000000605200000, 0x0000000605200000, 0x0000000605400000|  0%| F|  |TAMS 0x0000000605200000, 0x0000000605200000| Untracked 
|  22|0x0000000605400000, 0x0000000605400000, 0x0000000605600000|  0%| F|  |TAMS 0x0000000605400000, 0x0000000605400000| Untracked 
|  23|0x0000000605600000, 0x0000000605600000, 0x0000000605800000|  0%| F|  |TAMS 0x0000000605600000, 0x0000000605600000| Untracked 
|  24|0x0000000605800000, 0x0000000605800000, 0x0000000605a00000|  0%| F|  |TAMS 0x0000000605800000, 0x0000000605800000| Untracked 
|  25|0x0000000605a00000, 0x0000000605a00000, 0x0000000605c00000|  0%| F|  |TAMS 0x0000000605a00000, 0x0000000605a00000| Untracked 
|  26|0x0000000605c00000, 0x0000000605c00000, 0x0000000605e00000|  0%| F|  |TAMS 0x0000000605c00000, 0x0000000605c00000| Untracked 
|  27|0x0000000605e00000, 0x0000000605e00000, 0x0000000606000000|  0%| F|  |TAMS 0x0000000605e00000, 0x0000000605e00000| Untracked 
|  28|0x0000000606000000, 0x0000000606000000, 0x0000000606200000|  0%| F|  |TAMS 0x0000000606000000, 0x0000000606000000| Untracked 
|  29|0x0000000606200000, 0x0000000606200000, 0x0000000606400000|  0%| F|  |TAMS 0x0000000606200000, 0x0000000606200000| Untracked 
|  30|0x0000000606400000, 0x0000000606400000, 0x0000000606600000|  0%| F|  |TAMS 0x0000000606400000, 0x0000000606400000| Untracked 
|  31|0x0000000606600000, 0x0000000606600000, 0x0000000606800000|  0%| F|  |TAMS 0x0000000606600000, 0x0000000606600000| Untracked 
|  32|0x0000000606800000, 0x0000000606800000, 0x0000000606a00000|  0%| F|  |TAMS 0x0000000606800000, 0x0000000606800000| Untracked 
|  33|0x0000000606a00000, 0x0000000606a00000, 0x0000000606c00000|  0%| F|  |TAMS 0x0000000606a00000, 0x0000000606a00000| Untracked 
|  34|0x0000000606c00000, 0x0000000606c00000, 0x0000000606e00000|  0%| F|  |TAMS 0x0000000606c00000, 0x0000000606c00000| Untracked 
|  35|0x0000000606e00000, 0x0000000606e00000, 0x0000000607000000|  0%| F|  |TAMS 0x0000000606e00000, 0x0000000606e00000| Untracked 
|  36|0x0000000607000000, 0x0000000607000000, 0x0000000607200000|  0%| F|  |TAMS 0x0000000607000000, 0x0000000607000000| Untracked 
|  37|0x0000000607200000, 0x0000000607200000, 0x0000000607400000|  0%| F|  |TAMS 0x0000000607200000, 0x0000000607200000| Untracked 
|  38|0x0000000607400000, 0x0000000607400000, 0x0000000607600000|  0%| F|  |TAMS 0x0000000607400000, 0x0000000607400000| Untracked 
|  39|0x0000000607600000, 0x0000000607600000, 0x0000000607800000|  0%| F|  |TAMS 0x0000000607600000, 0x0000000607600000| Untracked 
|  40|0x0000000607800000, 0x0000000607800000, 0x0000000607a00000|  0%| F|  |TAMS 0x0000000607800000, 0x0000000607800000| Untracked 
|  41|0x0000000607a00000, 0x0000000607a00000, 0x0000000607c00000|  0%| F|  |TAMS 0x0000000607a00000, 0x0000000607a00000| Untracked 
|  42|0x0000000607c00000, 0x0000000607c00000, 0x0000000607e00000|  0%| F|  |TAMS 0x0000000607c00000, 0x0000000607c00000| Untracked 
|  43|0x0000000607e00000, 0x0000000607e00000, 0x0000000608000000|  0%| F|  |TAMS 0x0000000607e00000, 0x0000000607e00000| Untracked 
|  44|0x0000000608000000, 0x0000000608000000, 0x0000000608200000|  0%| F|  |TAMS 0x0000000608000000, 0x0000000608000000| Untracked 
|  45|0x0000000608200000, 0x0000000608200000, 0x0000000608400000|  0%| F|  |TAMS 0x0000000608200000, 0x0000000608200000| Untracked 
|  46|0x0000000608400000, 0x0000000608400000, 0x0000000608600000|  0%| F|  |TAMS 0x0000000608400000, 0x0000000608400000| Untracked 
|  47|0x0000000608600000, 0x0000000608600000, 0x0000000608800000|  0%| F|  |TAMS 0x0000000608600000, 0x0000000608600000| Untracked 
|  48|0x0000000608800000, 0x0000000608800000, 0x0000000608a00000|  0%| F|  |TAMS 0x0000000608800000, 0x0000000608800000| Untracked 
|  49|0x0000000608a00000, 0x0000000608a00000, 0x0000000608c00000|  0%| F|  |TAMS 0x0000000608a00000, 0x0000000608a00000| Untracked 
|  50|0x0000000608c00000, 0x0000000608c00000, 0x0000000608e00000|  0%| F|  |TAMS 0x0000000608c00000, 0x0000000608c00000| Untracked 
|  51|0x0000000608e00000, 0x0000000608e00000, 0x0000000609000000|  0%| F|  |TAMS 0x0000000608e00000, 0x0000000608e00000| Untracked 
|  52|0x0000000609000000, 0x0000000609000000, 0x0000000609200000|  0%| F|  |TAMS 0x0000000609000000, 0x0000000609000000| Untracked 
|  53|0x0000000609200000, 0x0000000609200000, 0x0000000609400000|  0%| F|  |TAMS 0x0000000609200000, 0x0000000609200000| Untracked 
|  54|0x0000000609400000, 0x0000000609400000, 0x0000000609600000|  0%| F|  |TAMS 0x0000000609400000, 0x0000000609400000| Untracked 
|  55|0x0000000609600000, 0x0000000609600000, 0x0000000609800000|  0%| F|  |TAMS 0x0000000609600000, 0x0000000609600000| Untracked 
|  56|0x0000000609800000, 0x0000000609800000, 0x0000000609a00000|  0%| F|  |TAMS 0x0000000609800000, 0x0000000609800000| Untracked 
|  57|0x0000000609a00000, 0x0000000609a00000, 0x0000000609c00000|  0%| F|  |TAMS 0x0000000609a00000, 0x0000000609a00000| Untracked 
|  58|0x0000000609c00000, 0x0000000609c00000, 0x0000000609e00000|  0%| F|  |TAMS 0x0000000609c00000, 0x0000000609c00000| Untracked 
|  59|0x0000000609e00000, 0x0000000609e00000, 0x000000060a000000|  0%| F|  |TAMS 0x0000000609e00000, 0x0000000609e00000| Untracked 
|  60|0x000000060a000000, 0x000000060a000000, 0x000000060a200000|  0%| F|  |TAMS 0x000000060a000000, 0x000000060a000000| Untracked 
|  61|0x000000060a200000, 0x000000060a200000, 0x000000060a400000|  0%| F|  |TAMS 0x000000060a200000, 0x000000060a200000| Untracked 
|  62|0x000000060a400000, 0x000000060a400000, 0x000000060a600000|  0%| F|  |TAMS 0x000000060a400000, 0x000000060a400000| Untracked 
|  63|0x000000060a600000, 0x000000060a600000, 0x000000060a800000|  0%| F|  |TAMS 0x000000060a600000, 0x000000060a600000| Untracked 
|  64|0x000000060a800000, 0x000000060a800000, 0x000000060aa00000|  0%| F|  |TAMS 0x000000060a800000, 0x000000060a800000| Untracked 
|  65|0x000000060aa00000, 0x000000060aa00000, 0x000000060ac00000|  0%| F|  |TAMS 0x000000060aa00000, 0x000000060aa00000| Untracked 
|  66|0x000000060ac00000, 0x000000060ac00000, 0x000000060ae00000|  0%| F|  |TAMS 0x000000060ac00000, 0x000000060ac00000| Untracked 
|  67|0x000000060ae00000, 0x000000060ae00000, 0x000000060b000000|  0%| F|  |TAMS 0x000000060ae00000, 0x000000060ae00000| Untracked 
|  68|0x000000060b000000, 0x000000060b000000, 0x000000060b200000|  0%| F|  |TAMS 0x000000060b000000, 0x000000060b000000| Untracked 
|  69|0x000000060b200000, 0x000000060b200000, 0x000000060b400000|  0%| F|  |TAMS 0x000000060b200000, 0x000000060b200000| Untracked 
|  70|0x000000060b400000, 0x000000060b400000, 0x000000060b600000|  0%| F|  |TAMS 0x000000060b400000, 0x000000060b400000| Untracked 
|  71|0x000000060b600000, 0x000000060b600000, 0x000000060b800000|  0%| F|  |TAMS 0x000000060b600000, 0x000000060b600000| Untracked 
|  72|0x000000060b800000, 0x000000060b800000, 0x000000060ba00000|  0%| F|  |TAMS 0x000000060b800000, 0x000000060b800000| Untracked 
|  73|0x000000060ba00000, 0x000000060ba00000, 0x000000060bc00000|  0%| F|  |TAMS 0x000000060ba00000, 0x000000060ba00000| Untracked 
|  74|0x000000060bc00000, 0x000000060bc00000, 0x000000060be00000|  0%| F|  |TAMS 0x000000060bc00000, 0x000000060bc00000| Untracked 
|  75|0x000000060be00000, 0x000000060be00000, 0x000000060c000000|  0%| F|  |TAMS 0x000000060be00000, 0x000000060be00000| Untracked 
|  76|0x000000060c000000, 0x000000060c000000, 0x000000060c200000|  0%| F|  |TAMS 0x000000060c000000, 0x000000060c000000| Untracked 
|  77|0x000000060c200000, 0x000000060c200000, 0x000000060c400000|  0%| F|  |TAMS 0x000000060c200000, 0x000000060c200000| Untracked 
|  78|0x000000060c400000, 0x000000060c400000, 0x000000060c600000|  0%| F|  |TAMS 0x000000060c400000, 0x000000060c400000| Untracked 
|  79|0x000000060c600000, 0x000000060c600000, 0x000000060c800000|  0%| F|  |TAMS 0x000000060c600000, 0x000000060c600000| Untracked 
|  80|0x000000060c800000, 0x000000060c800000, 0x000000060ca00000|  0%| F|  |TAMS 0x000000060c800000, 0x000000060c800000| Untracked 
|  81|0x000000060ca00000, 0x000000060ca00000, 0x000000060cc00000|  0%| F|  |TAMS 0x000000060ca00000, 0x000000060ca00000| Untracked 
|  82|0x000000060cc00000, 0x000000060cc00000, 0x000000060ce00000|  0%| F|  |TAMS 0x000000060cc00000, 0x000000060cc00000| Untracked 
|  83|0x000000060ce00000, 0x000000060ce00000, 0x000000060d000000|  0%| F|  |TAMS 0x000000060ce00000, 0x000000060ce00000| Untracked 
|  84|0x000000060d000000, 0x000000060d000000, 0x000000060d200000|  0%| F|  |TAMS 0x000000060d000000, 0x000000060d000000| Untracked 
|  85|0x000000060d200000, 0x000000060d200000, 0x000000060d400000|  0%| F|  |TAMS 0x000000060d200000, 0x000000060d200000| Untracked 
|  86|0x000000060d400000, 0x000000060d400000, 0x000000060d600000|  0%| F|  |TAMS 0x000000060d400000, 0x000000060d400000| Untracked 
|  87|0x000000060d600000, 0x000000060d600000, 0x000000060d800000|  0%| F|  |TAMS 0x000000060d600000, 0x000000060d600000| Untracked 
|  88|0x000000060d800000, 0x000000060d800000, 0x000000060da00000|  0%| F|  |TAMS 0x000000060d800000, 0x000000060d800000| Untracked 
|  89|0x000000060da00000, 0x000000060da00000, 0x000000060dc00000|  0%| F|  |TAMS 0x000000060da00000, 0x000000060da00000| Untracked 
|  90|0x000000060dc00000, 0x000000060dc00000, 0x000000060de00000|  0%| F|  |TAMS 0x000000060dc00000, 0x000000060dc00000| Untracked 
|  91|0x000000060de00000, 0x000000060de00000, 0x000000060e000000|  0%| F|  |TAMS 0x000000060de00000, 0x000000060de00000| Untracked 
|  92|0x000000060e000000, 0x000000060e000000, 0x000000060e200000|  0%| F|  |TAMS 0x000000060e000000, 0x000000060e000000| Untracked 
|  93|0x000000060e200000, 0x000000060e200000, 0x000000060e400000|  0%| F|  |TAMS 0x000000060e200000, 0x000000060e200000| Untracked 
|  94|0x000000060e400000, 0x000000060e400000, 0x000000060e600000|  0%| F|  |TAMS 0x000000060e400000, 0x000000060e400000| Untracked 
|  95|0x000000060e600000, 0x000000060e600000, 0x000000060e800000|  0%| F|  |TAMS 0x000000060e600000, 0x000000060e600000| Untracked 
|  96|0x000000060e800000, 0x000000060e800000, 0x000000060ea00000|  0%| F|  |TAMS 0x000000060e800000, 0x000000060e800000| Untracked 
|  97|0x000000060ea00000, 0x000000060ea00000, 0x000000060ec00000|  0%| F|  |TAMS 0x000000060ea00000, 0x000000060ea00000| Untracked 
|  98|0x000000060ec00000, 0x000000060ec00000, 0x000000060ee00000|  0%| F|  |TAMS 0x000000060ec00000, 0x000000060ec00000| Untracked 
|  99|0x000000060ee00000, 0x000000060ee00000, 0x000000060f000000|  0%| F|  |TAMS 0x000000060ee00000, 0x000000060ee00000| Untracked 
| 100|0x000000060f000000, 0x000000060f000000, 0x000000060f200000|  0%| F|  |TAMS 0x000000060f000000, 0x000000060f000000| Untracked 
| 101|0x000000060f200000, 0x000000060f200000, 0x000000060f400000|  0%| F|  |TAMS 0x000000060f200000, 0x000000060f200000| Untracked 
| 102|0x000000060f400000, 0x000000060f400000, 0x000000060f600000|  0%| F|  |TAMS 0x000000060f400000, 0x000000060f400000| Untracked 
| 103|0x000000060f600000, 0x000000060f600000, 0x000000060f800000|  0%| F|  |TAMS 0x000000060f600000, 0x000000060f600000| Untracked 
| 104|0x000000060f800000, 0x000000060f800000, 0x000000060fa00000|  0%| F|  |TAMS 0x000000060f800000, 0x000000060f800000| Untracked 
| 105|0x000000060fa00000, 0x000000060fa00000, 0x000000060fc00000|  0%| F|  |TAMS 0x000000060fa00000, 0x000000060fa00000| Untracked 
| 106|0x000000060fc00000, 0x000000060fc00000, 0x000000060fe00000|  0%| F|  |TAMS 0x000000060fc00000, 0x000000060fc00000| Untracked 
| 107|0x000000060fe00000, 0x000000060fe00000, 0x0000000610000000|  0%| F|  |TAMS 0x000000060fe00000, 0x000000060fe00000| Untracked 
| 108|0x0000000610000000, 0x0000000610000000, 0x0000000610200000|  0%| F|  |TAMS 0x0000000610000000, 0x0000000610000000| Untracked 
| 109|0x0000000610200000, 0x0000000610200000, 0x0000000610400000|  0%| F|  |TAMS 0x0000000610200000, 0x0000000610200000| Untracked 
| 110|0x0000000610400000, 0x0000000610400000, 0x0000000610600000|  0%| F|  |TAMS 0x0000000610400000, 0x0000000610400000| Untracked 
| 111|0x0000000610600000, 0x0000000610600000, 0x0000000610800000|  0%| F|  |TAMS 0x0000000610600000, 0x0000000610600000| Untracked 
| 112|0x0000000610800000, 0x0000000610800000, 0x0000000610a00000|  0%| F|  |TAMS 0x0000000610800000, 0x0000000610800000| Untracked 
| 113|0x0000000610a00000, 0x0000000610a00000, 0x0000000610c00000|  0%| F|  |TAMS 0x0000000610a00000, 0x0000000610a00000| Untracked 
| 114|0x0000000610c00000, 0x0000000610c00000, 0x0000000610e00000|  0%| F|  |TAMS 0x0000000610c00000, 0x0000000610c00000| Untracked 
| 115|0x0000000610e00000, 0x0000000610e00000, 0x0000000611000000|  0%| F|  |TAMS 0x0000000610e00000, 0x0000000610e00000| Untracked 
| 116|0x0000000611000000, 0x0000000611000000, 0x0000000611200000|  0%| F|  |TAMS 0x0000000611000000, 0x0000000611000000| Untracked 
| 117|0x0000000611200000, 0x0000000611200000, 0x0000000611400000|  0%| F|  |TAMS 0x0000000611200000, 0x0000000611200000| Untracked 
| 118|0x0000000611400000, 0x0000000611400000, 0x0000000611600000|  0%| F|  |TAMS 0x0000000611400000, 0x0000000611400000| Untracked 
| 119|0x0000000611600000, 0x0000000611600000, 0x0000000611800000|  0%| F|  |TAMS 0x0000000611600000, 0x0000000611600000| Untracked 
| 120|0x0000000611800000, 0x0000000611800000, 0x0000000611a00000|  0%| F|  |TAMS 0x0000000611800000, 0x0000000611800000| Untracked 
| 121|0x0000000611a00000, 0x0000000611a00000, 0x0000000611c00000|  0%| F|  |TAMS 0x0000000611a00000, 0x0000000611a00000| Untracked 
| 122|0x0000000611c00000, 0x0000000611c00000, 0x0000000611e00000|  0%| F|  |TAMS 0x0000000611c00000, 0x0000000611c00000| Untracked 
| 123|0x0000000611e00000, 0x0000000611e00000, 0x0000000612000000|  0%| F|  |TAMS 0x0000000611e00000, 0x0000000611e00000| Untracked 
| 124|0x0000000612000000, 0x0000000612000000, 0x0000000612200000|  0%| F|  |TAMS 0x0000000612000000, 0x0000000612000000| Untracked 
| 125|0x0000000612200000, 0x0000000612200000, 0x0000000612400000|  0%| F|  |TAMS 0x0000000612200000, 0x0000000612200000| Untracked 
| 126|0x0000000612400000, 0x0000000612400000, 0x0000000612600000|  0%| F|  |TAMS 0x0000000612400000, 0x0000000612400000| Untracked 
| 127|0x0000000612600000, 0x0000000612600000, 0x0000000612800000|  0%| F|  |TAMS 0x0000000612600000, 0x0000000612600000| Untracked 
| 128|0x0000000612800000, 0x0000000612800000, 0x0000000612a00000|  0%| F|  |TAMS 0x0000000612800000, 0x0000000612800000| Untracked 
| 129|0x0000000612a00000, 0x0000000612a00000, 0x0000000612c00000|  0%| F|  |TAMS 0x0000000612a00000, 0x0000000612a00000| Untracked 
| 130|0x0000000612c00000, 0x0000000612c00000, 0x0000000612e00000|  0%| F|  |TAMS 0x0000000612c00000, 0x0000000612c00000| Untracked 
| 131|0x0000000612e00000, 0x0000000612e00000, 0x0000000613000000|  0%| F|  |TAMS 0x0000000612e00000, 0x0000000612e00000| Untracked 
| 132|0x0000000613000000, 0x0000000613000000, 0x0000000613200000|  0%| F|  |TAMS 0x0000000613000000, 0x0000000613000000| Untracked 
| 133|0x0000000613200000, 0x0000000613200000, 0x0000000613400000|  0%| F|  |TAMS 0x0000000613200000, 0x0000000613200000| Untracked 
| 134|0x0000000613400000, 0x0000000613400000, 0x0000000613600000|  0%| F|  |TAMS 0x0000000613400000, 0x0000000613400000| Untracked 
| 135|0x0000000613600000, 0x0000000613600000, 0x0000000613800000|  0%| F|  |TAMS 0x0000000613600000, 0x0000000613600000| Untracked 
| 136|0x0000000613800000, 0x0000000613800000, 0x0000000613a00000|  0%| F|  |TAMS 0x0000000613800000, 0x0000000613800000| Untracked 
| 137|0x0000000613a00000, 0x0000000613a00000, 0x0000000613c00000|  0%| F|  |TAMS 0x0000000613a00000, 0x0000000613a00000| Untracked 
| 138|0x0000000613c00000, 0x0000000613c00000, 0x0000000613e00000|  0%| F|  |TAMS 0x0000000613c00000, 0x0000000613c00000| Untracked 
| 139|0x0000000613e00000, 0x0000000613e00000, 0x0000000614000000|  0%| F|  |TAMS 0x0000000613e00000, 0x0000000613e00000| Untracked 
| 140|0x0000000614000000, 0x0000000614000000, 0x0000000614200000|  0%| F|  |TAMS 0x0000000614000000, 0x0000000614000000| Untracked 
| 141|0x0000000614200000, 0x0000000614200000, 0x0000000614400000|  0%| F|  |TAMS 0x0000000614200000, 0x0000000614200000| Untracked 
| 142|0x0000000614400000, 0x0000000614400000, 0x0000000614600000|  0%| F|  |TAMS 0x0000000614400000, 0x0000000614400000| Untracked 
| 143|0x0000000614600000, 0x0000000614600000, 0x0000000614800000|  0%| F|  |TAMS 0x0000000614600000, 0x0000000614600000| Untracked 
| 144|0x0000000614800000, 0x0000000614800000, 0x0000000614a00000|  0%| F|  |TAMS 0x0000000614800000, 0x0000000614800000| Untracked 
| 145|0x0000000614a00000, 0x0000000614a00000, 0x0000000614c00000|  0%| F|  |TAMS 0x0000000614a00000, 0x0000000614a00000| Untracked 
| 146|0x0000000614c00000, 0x0000000614c00000, 0x0000000614e00000|  0%| F|  |TAMS 0x0000000614c00000, 0x0000000614c00000| Untracked 
| 147|0x0000000614e00000, 0x0000000614e00000, 0x0000000615000000|  0%| F|  |TAMS 0x0000000614e00000, 0x0000000614e00000| Untracked 
| 148|0x0000000615000000, 0x0000000615000000, 0x0000000615200000|  0%| F|  |TAMS 0x0000000615000000, 0x0000000615000000| Untracked 
| 149|0x0000000615200000, 0x0000000615200000, 0x0000000615400000|  0%| F|  |TAMS 0x0000000615200000, 0x0000000615200000| Untracked 
| 150|0x0000000615400000, 0x0000000615400000, 0x0000000615600000|  0%| F|  |TAMS 0x0000000615400000, 0x0000000615400000| Untracked 
| 151|0x0000000615600000, 0x0000000615600000, 0x0000000615800000|  0%| F|  |TAMS 0x0000000615600000, 0x0000000615600000| Untracked 
| 152|0x0000000615800000, 0x0000000615800000, 0x0000000615a00000|  0%| F|  |TAMS 0x0000000615800000, 0x0000000615800000| Untracked 
| 153|0x0000000615a00000, 0x0000000615a00000, 0x0000000615c00000|  0%| F|  |TAMS 0x0000000615a00000, 0x0000000615a00000| Untracked 
| 154|0x0000000615c00000, 0x0000000615c00000, 0x0000000615e00000|  0%| F|  |TAMS 0x0000000615c00000, 0x0000000615c00000| Untracked 
| 155|0x0000000615e00000, 0x0000000615e00000, 0x0000000616000000|  0%| F|  |TAMS 0x0000000615e00000, 0x0000000615e00000| Untracked 
| 156|0x0000000616000000, 0x0000000616000000, 0x0000000616200000|  0%| F|  |TAMS 0x0000000616000000, 0x0000000616000000| Untracked 
| 157|0x0000000616200000, 0x0000000616200000, 0x0000000616400000|  0%| F|  |TAMS 0x0000000616200000, 0x0000000616200000| Untracked 
| 158|0x0000000616400000, 0x0000000616400000, 0x0000000616600000|  0%| F|  |TAMS 0x0000000616400000, 0x0000000616400000| Untracked 
| 159|0x0000000616600000, 0x0000000616600000, 0x0000000616800000|  0%| F|  |TAMS 0x0000000616600000, 0x0000000616600000| Untracked 
| 160|0x0000000616800000, 0x0000000616800000, 0x0000000616a00000|  0%| F|  |TAMS 0x0000000616800000, 0x0000000616800000| Untracked 
| 161|0x0000000616a00000, 0x0000000616a00000, 0x0000000616c00000|  0%| F|  |TAMS 0x0000000616a00000, 0x0000000616a00000| Untracked 
| 162|0x0000000616c00000, 0x0000000616c00000, 0x0000000616e00000|  0%| F|  |TAMS 0x0000000616c00000, 0x0000000616c00000| Untracked 
| 163|0x0000000616e00000, 0x0000000616e00000, 0x0000000617000000|  0%| F|  |TAMS 0x0000000616e00000, 0x0000000616e00000| Untracked 
| 164|0x0000000617000000, 0x0000000617000000, 0x0000000617200000|  0%| F|  |TAMS 0x0000000617000000, 0x0000000617000000| Untracked 
| 165|0x0000000617200000, 0x0000000617200000, 0x0000000617400000|  0%| F|  |TAMS 0x0000000617200000, 0x0000000617200000| Untracked 
| 166|0x0000000617400000, 0x0000000617400000, 0x0000000617600000|  0%| F|  |TAMS 0x0000000617400000, 0x0000000617400000| Untracked 
| 167|0x0000000617600000, 0x0000000617600000, 0x0000000617800000|  0%| F|  |TAMS 0x0000000617600000, 0x0000000617600000| Untracked 
| 168|0x0000000617800000, 0x0000000617800000, 0x0000000617a00000|  0%| F|  |TAMS 0x0000000617800000, 0x0000000617800000| Untracked 
| 169|0x0000000617a00000, 0x0000000617a00000, 0x0000000617c00000|  0%| F|  |TAMS 0x0000000617a00000, 0x0000000617a00000| Untracked 
| 170|0x0000000617c00000, 0x0000000617c00000, 0x0000000617e00000|  0%| F|  |TAMS 0x0000000617c00000, 0x0000000617c00000| Untracked 
| 171|0x0000000617e00000, 0x0000000617e00000, 0x0000000618000000|  0%| F|  |TAMS 0x0000000617e00000, 0x0000000617e00000| Untracked 
| 172|0x0000000618000000, 0x0000000618000000, 0x0000000618200000|  0%| F|  |TAMS 0x0000000618000000, 0x0000000618000000| Untracked 
| 173|0x0000000618200000, 0x0000000618200000, 0x0000000618400000|  0%| F|  |TAMS 0x0000000618200000, 0x0000000618200000| Untracked 
| 174|0x0000000618400000, 0x0000000618400000, 0x0000000618600000|  0%| F|  |TAMS 0x0000000618400000, 0x0000000618400000| Untracked 
| 175|0x0000000618600000, 0x0000000618600000, 0x0000000618800000|  0%| F|  |TAMS 0x0000000618600000, 0x0000000618600000| Untracked 
| 176|0x0000000618800000, 0x0000000618800000, 0x0000000618a00000|  0%| F|  |TAMS 0x0000000618800000, 0x0000000618800000| Untracked 
| 177|0x0000000618a00000, 0x0000000618a00000, 0x0000000618c00000|  0%| F|  |TAMS 0x0000000618a00000, 0x0000000618a00000| Untracked 
| 178|0x0000000618c00000, 0x0000000618c00000, 0x0000000618e00000|  0%| F|  |TAMS 0x0000000618c00000, 0x0000000618c00000| Untracked 
| 179|0x0000000618e00000, 0x0000000618e00000, 0x0000000619000000|  0%| F|  |TAMS 0x0000000618e00000, 0x0000000618e00000| Untracked 
| 180|0x0000000619000000, 0x0000000619000000, 0x0000000619200000|  0%| F|  |TAMS 0x0000000619000000, 0x0000000619000000| Untracked 
| 181|0x0000000619200000, 0x0000000619200000, 0x0000000619400000|  0%| F|  |TAMS 0x0000000619200000, 0x0000000619200000| Untracked 
| 182|0x0000000619400000, 0x0000000619400000, 0x0000000619600000|  0%| F|  |TAMS 0x0000000619400000, 0x0000000619400000| Untracked 
| 183|0x0000000619600000, 0x0000000619600000, 0x0000000619800000|  0%| F|  |TAMS 0x0000000619600000, 0x0000000619600000| Untracked 
| 184|0x0000000619800000, 0x0000000619800000, 0x0000000619a00000|  0%| F|  |TAMS 0x0000000619800000, 0x0000000619800000| Untracked 
| 185|0x0000000619a00000, 0x0000000619a00000, 0x0000000619c00000|  0%| F|  |TAMS 0x0000000619a00000, 0x0000000619a00000| Untracked 
| 186|0x0000000619c00000, 0x0000000619c00000, 0x0000000619e00000|  0%| F|  |TAMS 0x0000000619c00000, 0x0000000619c00000| Untracked 
| 187|0x0000000619e00000, 0x0000000619e00000, 0x000000061a000000|  0%| F|  |TAMS 0x0000000619e00000, 0x0000000619e00000| Untracked 
| 188|0x000000061a000000, 0x000000061a000000, 0x000000061a200000|  0%| F|  |TAMS 0x000000061a000000, 0x000000061a000000| Untracked 
| 189|0x000000061a200000, 0x000000061a200000, 0x000000061a400000|  0%| F|  |TAMS 0x000000061a200000, 0x000000061a200000| Untracked 
| 190|0x000000061a400000, 0x000000061a400000, 0x000000061a600000|  0%| F|  |TAMS 0x000000061a400000, 0x000000061a400000| Untracked 
| 191|0x000000061a600000, 0x000000061a600000, 0x000000061a800000|  0%| F|  |TAMS 0x000000061a600000, 0x000000061a600000| Untracked 
| 192|0x000000061a800000, 0x000000061a800000, 0x000000061aa00000|  0%| F|  |TAMS 0x000000061a800000, 0x000000061a800000| Untracked 
| 193|0x000000061aa00000, 0x000000061aa00000, 0x000000061ac00000|  0%| F|  |TAMS 0x000000061aa00000, 0x000000061aa00000| Untracked 
| 194|0x000000061ac00000, 0x000000061ac00000, 0x000000061ae00000|  0%| F|  |TAMS 0x000000061ac00000, 0x000000061ac00000| Untracked 
| 195|0x000000061ae00000, 0x000000061ae00000, 0x000000061b000000|  0%| F|  |TAMS 0x000000061ae00000, 0x000000061ae00000| Untracked 
| 196|0x000000061b000000, 0x000000061b000000, 0x000000061b200000|  0%| F|  |TAMS 0x000000061b000000, 0x000000061b000000| Untracked 
| 197|0x000000061b200000, 0x000000061b200000, 0x000000061b400000|  0%| F|  |TAMS 0x000000061b200000, 0x000000061b200000| Untracked 
| 198|0x000000061b400000, 0x000000061b400000, 0x000000061b600000|  0%| F|  |TAMS 0x000000061b400000, 0x000000061b400000| Untracked 
| 199|0x000000061b600000, 0x000000061b600000, 0x000000061b800000|  0%| F|  |TAMS 0x000000061b600000, 0x000000061b600000| Untracked 
| 200|0x000000061b800000, 0x000000061b800000, 0x000000061ba00000|  0%| F|  |TAMS 0x000000061b800000, 0x000000061b800000| Untracked 
| 201|0x000000061ba00000, 0x000000061ba00000, 0x000000061bc00000|  0%| F|  |TAMS 0x000000061ba00000, 0x000000061ba00000| Untracked 
| 202|0x000000061bc00000, 0x000000061bc00000, 0x000000061be00000|  0%| F|  |TAMS 0x000000061bc00000, 0x000000061bc00000| Untracked 
| 203|0x000000061be00000, 0x000000061be00000, 0x000000061c000000|  0%| F|  |TAMS 0x000000061be00000, 0x000000061be00000| Untracked 
| 204|0x000000061c000000, 0x000000061c000000, 0x000000061c200000|  0%| F|  |TAMS 0x000000061c000000, 0x000000061c000000| Untracked 
| 205|0x000000061c200000, 0x000000061c200000, 0x000000061c400000|  0%| F|  |TAMS 0x000000061c200000, 0x000000061c200000| Untracked 
| 206|0x000000061c400000, 0x000000061c400000, 0x000000061c600000|  0%| F|  |TAMS 0x000000061c400000, 0x000000061c400000| Untracked 
| 207|0x000000061c600000, 0x000000061c600000, 0x000000061c800000|  0%| F|  |TAMS 0x000000061c600000, 0x000000061c600000| Untracked 
| 208|0x000000061c800000, 0x000000061c800000, 0x000000061ca00000|  0%| F|  |TAMS 0x000000061c800000, 0x000000061c800000| Untracked 
| 209|0x000000061ca00000, 0x000000061ca00000, 0x000000061cc00000|  0%| F|  |TAMS 0x000000061ca00000, 0x000000061ca00000| Untracked 
| 210|0x000000061cc00000, 0x000000061cc00000, 0x000000061ce00000|  0%| F|  |TAMS 0x000000061cc00000, 0x000000061cc00000| Untracked 
| 211|0x000000061ce00000, 0x000000061ce00000, 0x000000061d000000|  0%| F|  |TAMS 0x000000061ce00000, 0x000000061ce00000| Untracked 
| 212|0x000000061d000000, 0x000000061d000000, 0x000000061d200000|  0%| F|  |TAMS 0x000000061d000000, 0x000000061d000000| Untracked 
| 213|0x000000061d200000, 0x000000061d200000, 0x000000061d400000|  0%| F|  |TAMS 0x000000061d200000, 0x000000061d200000| Untracked 
| 214|0x000000061d400000, 0x000000061d400000, 0x000000061d600000|  0%| F|  |TAMS 0x000000061d400000, 0x000000061d400000| Untracked 
| 215|0x000000061d600000, 0x000000061d600000, 0x000000061d800000|  0%| F|  |TAMS 0x000000061d600000, 0x000000061d600000| Untracked 
| 216|0x000000061d800000, 0x000000061d800000, 0x000000061da00000|  0%| F|  |TAMS 0x000000061d800000, 0x000000061d800000| Untracked 
| 217|0x000000061da00000, 0x000000061da00000, 0x000000061dc00000|  0%| F|  |TAMS 0x000000061da00000, 0x000000061da00000| Untracked 
| 218|0x000000061dc00000, 0x000000061dc00000, 0x000000061de00000|  0%| F|  |TAMS 0x000000061dc00000, 0x000000061dc00000| Untracked 
| 219|0x000000061de00000, 0x000000061de00000, 0x000000061e000000|  0%| F|  |TAMS 0x000000061de00000, 0x000000061de00000| Untracked 
| 220|0x000000061e000000, 0x000000061e000000, 0x000000061e200000|  0%| F|  |TAMS 0x000000061e000000, 0x000000061e000000| Untracked 
| 221|0x000000061e200000, 0x000000061e200000, 0x000000061e400000|  0%| F|  |TAMS 0x000000061e200000, 0x000000061e200000| Untracked 
| 222|0x000000061e400000, 0x000000061e400000, 0x000000061e600000|  0%| F|  |TAMS 0x000000061e400000, 0x000000061e400000| Untracked 
| 223|0x000000061e600000, 0x000000061e600000, 0x000000061e800000|  0%| F|  |TAMS 0x000000061e600000, 0x000000061e600000| Untracked 
| 224|0x000000061e800000, 0x000000061e800000, 0x000000061ea00000|  0%| F|  |TAMS 0x000000061e800000, 0x000000061e800000| Untracked 
| 225|0x000000061ea00000, 0x000000061ea00000, 0x000000061ec00000|  0%| F|  |TAMS 0x000000061ea00000, 0x000000061ea00000| Untracked 
| 226|0x000000061ec00000, 0x000000061ec00000, 0x000000061ee00000|  0%| F|  |TAMS 0x000000061ec00000, 0x000000061ec00000| Untracked 
| 227|0x000000061ee00000, 0x000000061ee00000, 0x000000061f000000|  0%| F|  |TAMS 0x000000061ee00000, 0x000000061ee00000| Untracked 
| 228|0x000000061f000000, 0x000000061f000000, 0x000000061f200000|  0%| F|  |TAMS 0x000000061f000000, 0x000000061f000000| Untracked 
| 229|0x000000061f200000, 0x000000061f200000, 0x000000061f400000|  0%| F|  |TAMS 0x000000061f200000, 0x000000061f200000| Untracked 
| 230|0x000000061f400000, 0x000000061f400000, 0x000000061f600000|  0%| F|  |TAMS 0x000000061f400000, 0x000000061f400000| Untracked 
| 231|0x000000061f600000, 0x000000061f600000, 0x000000061f800000|  0%| F|  |TAMS 0x000000061f600000, 0x000000061f600000| Untracked 
| 232|0x000000061f800000, 0x000000061f800000, 0x000000061fa00000|  0%| F|  |TAMS 0x000000061f800000, 0x000000061f800000| Untracked 
| 233|0x000000061fa00000, 0x000000061fa00000, 0x000000061fc00000|  0%| F|  |TAMS 0x000000061fa00000, 0x000000061fa00000| Untracked 
| 234|0x000000061fc00000, 0x000000061fc00000, 0x000000061fe00000|  0%| F|  |TAMS 0x000000061fc00000, 0x000000061fc00000| Untracked 
| 235|0x000000061fe00000, 0x000000061fe00000, 0x0000000620000000|  0%| F|  |TAMS 0x000000061fe00000, 0x000000061fe00000| Untracked 
| 236|0x0000000620000000, 0x0000000620000000, 0x0000000620200000|  0%| F|  |TAMS 0x0000000620000000, 0x0000000620000000| Untracked 
| 237|0x0000000620200000, 0x0000000620200000, 0x0000000620400000|  0%| F|  |TAMS 0x0000000620200000, 0x0000000620200000| Untracked 
| 238|0x0000000620400000, 0x0000000620400000, 0x0000000620600000|  0%| F|  |TAMS 0x0000000620400000, 0x0000000620400000| Untracked 
| 239|0x0000000620600000, 0x0000000620600000, 0x0000000620800000|  0%| F|  |TAMS 0x0000000620600000, 0x0000000620600000| Untracked 
| 240|0x0000000620800000, 0x0000000620800000, 0x0000000620a00000|  0%| F|  |TAMS 0x0000000620800000, 0x0000000620800000| Untracked 
| 241|0x0000000620a00000, 0x0000000620a00000, 0x0000000620c00000|  0%| F|  |TAMS 0x0000000620a00000, 0x0000000620a00000| Untracked 
| 242|0x0000000620c00000, 0x0000000620c00000, 0x0000000620e00000|  0%| F|  |TAMS 0x0000000620c00000, 0x0000000620c00000| Untracked 
| 243|0x0000000620e00000, 0x0000000620e00000, 0x0000000621000000|  0%| F|  |TAMS 0x0000000620e00000, 0x0000000620e00000| Untracked 
| 244|0x0000000621000000, 0x0000000621000000, 0x0000000621200000|  0%| F|  |TAMS 0x0000000621000000, 0x0000000621000000| Untracked 
| 245|0x0000000621200000, 0x0000000621200000, 0x0000000621400000|  0%| F|  |TAMS 0x0000000621200000, 0x0000000621200000| Untracked 
| 246|0x0000000621400000, 0x0000000621400000, 0x0000000621600000|  0%| F|  |TAMS 0x0000000621400000, 0x0000000621400000| Untracked 
| 247|0x0000000621600000, 0x0000000621600000, 0x0000000621800000|  0%| F|  |TAMS 0x0000000621600000, 0x0000000621600000| Untracked 
| 248|0x0000000621800000, 0x0000000621800000, 0x0000000621a00000|  0%| F|  |TAMS 0x0000000621800000, 0x0000000621800000| Untracked 
| 249|0x0000000621a00000, 0x0000000621a00000, 0x0000000621c00000|  0%| F|  |TAMS 0x0000000621a00000, 0x0000000621a00000| Untracked 
| 250|0x0000000621c00000, 0x0000000621c00000, 0x0000000621e00000|  0%| F|  |TAMS 0x0000000621c00000, 0x0000000621c00000| Untracked 
| 251|0x0000000621e00000, 0x0000000621e00000, 0x0000000622000000|  0%| F|  |TAMS 0x0000000621e00000, 0x0000000621e00000| Untracked 
| 252|0x0000000622000000, 0x0000000622000000, 0x0000000622200000|  0%| F|  |TAMS 0x0000000622000000, 0x0000000622000000| Untracked 
| 253|0x0000000622200000, 0x0000000622371280, 0x0000000622400000| 72%| E|  |TAMS 0x0000000622200000, 0x0000000622200000| Complete 
| 254|0x0000000622400000, 0x0000000622600000, 0x0000000622600000|100%| E|CS|TAMS 0x0000000622400000, 0x0000000622400000| Complete 

Card table byte_map: [0x000001dd0f000000,0x000001dd0fff0000] _byte_map_base: 0x000001dd0bfec000

Marking Bits (Prev, Next): (CMBitMap*) 0x000001dd7cddc958, (CMBitMap*) 0x000001dd7cddc990
 Prev Bits: [0x000001dd10fe0000, 0x000001dd18f40000)
 Next Bits: [0x000001dd18f40000, 0x000001dd20ea0000)

Polling page: 0x000001dd732d0000

Metaspace:

Usage:
  Non-class:      4.27 MB capacity,     4.25 MB (>99%) used,    23.77 KB ( <1%) free+waste,     1.69 KB ( <1%) overhead. 
      Class:    438.00 KB capacity,   412.78 KB ( 94%) used,    23.97 KB (  5%) free+waste,     1.25 KB ( <1%) overhead. 
       Both:      4.70 MB capacity,     4.65 MB ( 99%) used,    47.73 KB ( <1%) free+waste,     2.94 KB ( <1%) overhead. 

Virtual space:
  Non-class space:        8.00 MB reserved,       4.50 MB ( 56%) committed 
      Class space:        1.00 GB reserved,     512.00 KB ( <1%) committed 
             Both:        1.01 GB reserved,       5.00 MB ( <1%) committed 

Chunk freelists:
   Non-Class:  4.88 KB
       Class:  1.25 KB
        Both:  6.12 KB

CodeHeap 'non-profiled nmethods': size=233856Kb used=326Kb max_used=326Kb free=233529Kb
 bounds [0x000001dd00ba0000, 0x000001dd00e10000, 0x000001dd0f000000]
CodeHeap 'non-nmethods': size=11904Kb used=1101Kb max_used=1101Kb free=10802Kb
 bounds [0x000001dd00000000, 0x000001dd00270000, 0x000001dd00ba0000]
 total_blobs=503 nmethods=231 adapters=207
 compilation: enabled
              stopped_count=0, restarted_count=0
 full_count=0

Compilation events (10 events):
Event: 0.094 Thread 0x000001dd23bcd000  226       1       java.util.ArrayList::add (23 bytes)
Event: 0.094 Thread 0x000001dd23bcd000 nmethod 226 0x000001dd00beef10 code [0x000001dd00bef0c0, 0x000001dd00bef3b8]
Event: 0.094 Thread 0x000001dd23bcd000  227       1       java.util.ImmutableCollections$SetN::<init> (90 bytes)
Event: 0.094 Thread 0x000001dd23bcd000 nmethod 227 0x000001dd00befa90 code [0x000001dd00befcc0, 0x000001dd00bf03f8]
Event: 0.094 Thread 0x000001dd23bcd000  228       1       jdk.internal.module.ModuleBootstrap$2::hasNext (30 bytes)
Event: 0.094 Thread 0x000001dd23bcd000 nmethod 228 0x000001dd00bf0b10 code [0x000001dd00bf0cc0, 0x000001dd00bf0df8]
Event: 0.094 Thread 0x000001dd23bcd000  229       1       jdk.internal.module.ModuleBootstrap$2::next (52 bytes)
Event: 0.094 Thread 0x000001dd23bcd000 nmethod 229 0x000001dd00bf0f90 code [0x000001dd00bf1180, 0x000001dd00bf1388]
Event: 0.094 Thread 0x000001dd23bcd000  231       1       java.lang.Module::getDescriptor (5 bytes)
Event: 0.094 Thread 0x000001dd23bcd000 nmethod 231 0x000001dd00bf1610 code [0x000001dd00bf17a0, 0x000001dd00bf1858]

GC Heap History (0 events):
No events

Deoptimization events (0 events):
No events

Classes redefined (0 events):
No events

Internal exceptions (1 events):
Event: 0.136 Thread 0x000001dd7cd52800 Exception <a 'java/lang/NullPointerException'{0x00000006222cb708}> (0x00000006222cb708) thrown at [./open/src/hotspot/share/interpreter/linkResolver.cpp, line 1436]

Events (10 events):
Event: 0.135 loading class java/nio/HeapCharBuffer
Event: 0.135 loading class java/nio/HeapCharBuffer done
Event: 0.135 loading class java/nio/charset/CoderResult
Event: 0.135 loading class java/nio/charset/CoderResult done
Event: 0.135 loading class java/lang/ClassLoader$2
Event: 0.135 loading class java/lang/ClassLoader$2 done
Event: 0.135 loading class java/lang/ClassLoader$NativeLibrary
Event: 0.136 loading class java/lang/ClassLoader$NativeLibrary done
Event: 0.136 loading class java/lang/ClassLoaderHelper
Event: 0.136 loading class java/lang/ClassLoaderHelper done


Dynamic libraries:
0x00007ff75d720000 - 0x00007ff75d730000 	C:\Program Files\Java\jdk-11\bin\java.exe
0x00007ff9f3aa0000 - 0x00007ff9f3d00000 	C:\WINDOWS\SYSTEM32\ntdll.dll
0x00007ff9f2950000 - 0x00007ff9f2a17000 	C:\WINDOWS\System32\KERNEL32.DLL
0x00007ff9f1000000 - 0x00007ff9f13ca000 	C:\WINDOWS\System32\KERNELBASE.dll
0x00007ff9f1550000 - 0x00007ff9f169b000 	C:\WINDOWS\System32\ucrtbase.dll
0x00007ff9c52d0000 - 0x00007ff9c52e9000 	C:\Program Files\Java\jdk-11\bin\jli.dll
0x00007ff9c4f30000 - 0x00007ff9c4f4b000 	C:\Program Files\Java\jdk-11\bin\VCRUNTIME140.dll
0x00007ff9f2c10000 - 0x00007ff9f2cc2000 	C:\WINDOWS\System32\ADVAPI32.dll
0x00007ff9f3660000 - 0x00007ff9f3709000 	C:\WINDOWS\System32\msvcrt.dll
0x00007ff9f2ab0000 - 0x00007ff9f2b56000 	C:\WINDOWS\System32\sechost.dll
0x00007ff9f1aa0000 - 0x00007ff9f1bb6000 	C:\WINDOWS\System32\RPCRT4.dll
0x00007ff9f3720000 - 0x00007ff9f38ec000 	C:\WINDOWS\System32\USER32.dll
0x00007ff9d9120000 - 0x00007ff9d93b7000 	C:\WINDOWS\WinSxS\amd64_microsoft.windows.common-controls_6595b64144ccf1df_6.0.26100.3624_none_3e086962e3345f24\COMCTL32.dll
0x00007ff9f0c80000 - 0x00007ff9f0ca7000 	C:\WINDOWS\System32\win32u.dll
0x00007ff9f1960000 - 0x00007ff9f198a000 	C:\WINDOWS\System32\GDI32.dll
0x00007ff9f0cb0000 - 0x00007ff9f0de1000 	C:\WINDOWS\System32\gdi32full.dll
0x00007ff9f0df0000 - 0x00007ff9f0e93000 	C:\WINDOWS\System32\msvcp_win.dll
0x00007ff9e9a50000 - 0x00007ff9e9a5b000 	C:\WINDOWS\SYSTEM32\VERSION.dll
0x00007ff9f18f0000 - 0x00007ff9f191f000 	C:\WINDOWS\System32\IMM32.DLL
0x00007ff9d53f0000 - 0x00007ff9d53fc000 	C:\Program Files\Java\jdk-11\bin\vcruntime140_1.dll
0x00007ff9c49c0000 - 0x00007ff9c4a4e000 	C:\Program Files\Java\jdk-11\bin\msvcp140.dll
0x00007ff96d420000 - 0x00007ff96df8e000 	C:\Program Files\Java\jdk-11\bin\server\jvm.dll
0x00007ff9f2a20000 - 0x00007ff9f2a28000 	C:\WINDOWS\System32\PSAPI.DLL
0x00007ff9e4400000 - 0x00007ff9e440a000 	C:\WINDOWS\SYSTEM32\WSOCK32.dll
0x00007ff9e3c30000 - 0x00007ff9e3c66000 	C:\WINDOWS\SYSTEM32\WINMM.dll
0x00007ff9f35e0000 - 0x00007ff9f3654000 	C:\WINDOWS\System32\WS2_32.dll
0x00007ff9efad0000 - 0x00007ff9efaea000 	C:\WINDOWS\SYSTEM32\kernel.appcore.dll
0x00007ff9c5300000 - 0x00007ff9c5310000 	C:\Program Files\Java\jdk-11\bin\verify.dll
0x00007ff9edcd0000 - 0x00007ff9edf11000 	C:\WINDOWS\SYSTEM32\DBGHELP.DLL
0x00007ff9f1f40000 - 0x00007ff9f22c2000 	C:\WINDOWS\System32\combase.dll
0x00007ff9f19c0000 - 0x00007ff9f1a96000 	C:\WINDOWS\System32\OLEAUT32.dll
0x00007ff9d5a80000 - 0x00007ff9d5ab9000 	C:\WINDOWS\SYSTEM32\dbgcore.DLL
0x00007ff9f0ea0000 - 0x00007ff9f0f39000 	C:\WINDOWS\System32\bcryptPrimitives.dll
0x00007ff9b6910000 - 0x00007ff9b6938000 	C:\Program Files\Java\jdk-11\bin\java.dll
0x00007ff9c51a0000 - 0x00007ff9c51aa000 	C:\Program Files\Java\jdk-11\bin\jimage.dll
0x00007ff97d890000 - 0x00007ff97d8c8000 	C:\Program Files\Java\jdk-11\bin\jdwp.dll
0x00007ff94acf0000 - 0x00007ff94aefe000 	C:\Users\H\AppData\Local\Temp\idea_libasyncProfiler_dll_temp_folder6\libasyncProfiler.dll
0x00007ff9c4fb0000 - 0x00007ff9c4fbe000 	C:\Program Files\Java\jdk-11\bin\instrument.dll
0x00007ff9c49b0000 - 0x00007ff9c49b9000 	C:\Users\H\AppData\Local\JetBrains\IntelliJIdea2024.3\microservices-jvm\scheduled\4\win\amd64\scheduled.dll
0x00007ff9f0070000 - 0x00007ff9f00da000 	C:\WINDOWS\system32\mswsock.dll
0x00007ff9a1b00000 - 0x00007ff9a1b17000 	C:\Program Files\Java\jdk-11\bin\zip.dll
0x00007ff9f2cd0000 - 0x00007ff9f33f9000 	C:\WINDOWS\System32\SHELL32.dll
0x00007ff9f1730000 - 0x00007ff9f1898000 	C:\WINDOWS\System32\wintypes.dll
0x00007ff9ee900000 - 0x00007ff9ef152000 	C:\WINDOWS\SYSTEM32\windows.storage.dll
0x00007ff9f1bc0000 - 0x00007ff9f1cad000 	C:\WINDOWS\System32\SHCORE.dll
0x00007ff9f39f0000 - 0x00007ff9f3a54000 	C:\WINDOWS\System32\shlwapi.dll
0x00007ff9f0b90000 - 0x00007ff9f0bbf000 	C:\WINDOWS\SYSTEM32\profapi.dll
0x00007ff9c47a0000 - 0x00007ff9c47ab000 	C:\Program Files\Java\jdk-11\bin\dt_socket.dll

dbghelp: loaded successfully - version: 4.0.5 - missing functions: none
symbol engine: initialized successfully - sym options: 0x614 - pdb path: .;C:\Program Files\Java\jdk-11\bin;C:\WINDOWS\SYSTEM32;C:\WINDOWS\WinSxS\amd64_microsoft.windows.common-controls_6595b64144ccf1df_6.0.26100.3624_none_3e086962e3345f24;C:\Program Files\Java\jdk-11\bin\server;C:\Users\H\AppData\Local\Temp\idea_libasyncProfiler_dll_temp_folder6;C:\Users\H\AppData\Local\JetBrains\IntelliJIdea2024.3\microservices-jvm\scheduled\4\win\amd64

VM Arguments:
jvm_args: -agentlib:jdwp=transport=dt_socket,address=127.0.0.1:9536,suspend=y,server=n -agentpath:C:\Users\H\AppData\Local\Temp\idea_libasyncProfiler_dll_temp_folder6\libasyncProfiler.dll=version,jfr,event=wall,interval=10ms,cstack=no,file=C:\Users\H\IdeaSnapshots\ZetaApplication_2025_04_29_175422.jfr,dbghelppath=C:\Users\H\AppData\Local\Temp\idea_dbghelp_dll_temp_folder\dbghelp.dll,log=C:\Users\H\AppData\Local\Temp\ZetaApplication_2025_04_29_175422.jfr.log.txt,logLevel=DEBUG -XX:TieredStopAtLevel=1 -Xverify:none -Dspring.output.ansi.enabled=always -Dcom.sun.management.jmxremote -Dspring.jmx.enabled=true -Dspring.liveBeansView.mbeanDomain -Dspring.application.admin.enabled=true -Dmanagement.endpoints.jmx.exposure.include=* -javaagent:C:\Users\H\AppData\Local\JetBrains\IntelliJIdea2024.3\captureAgent\debugger-agent.jar -Dkotlinx.coroutines.debug.enable.creation.stack.trace=false -Ddebugger.agent.enable.coroutines=true -Dkotlinx.coroutines.debug.enable.flows.stack.trace=true -Dkotlinx.coroutines.debug.enable.mutable.state.flows.stack.trace=true -agentpath:C:\Users\H\AppData\Local\JetBrains\IntelliJIdea2024.3\microservices-jvm\scheduled\4\win\amd64\scheduled.dll=bind=127.0.0.1:9537 -Dfile.encoding=UTF-8 
java_command: com.zeta.ZetaApplication
java_class_path (initial): A:\bigdata\projects\zeta-java\target\classes;C:\download\maven3.8.6\resp\org\springframework\boot\spring-boot-starter-web\2.7.13\spring-boot-starter-web-2.7.13.jar;C:\download\maven3.8.6\resp\org\springframework\boot\spring-boot-starter\2.7.13\spring-boot-starter-2.7.13.jar;C:\download\maven3.8.6\resp\org\springframework\boot\spring-boot\2.7.13\spring-boot-2.7.13.jar;C:\download\maven3.8.6\resp\org\springframework\boot\spring-boot-starter-logging\2.7.13\spring-boot-starter-logging-2.7.13.jar;C:\download\maven3.8.6\resp\ch\qos\logback\logback-classic\1.2.12\logback-classic-1.2.12.jar;C:\download\maven3.8.6\resp\ch\qos\logback\logback-core\1.2.12\logback-core-1.2.12.jar;C:\download\maven3.8.6\resp\org\apache\logging\log4j\log4j-to-slf4j\2.17.2\log4j-to-slf4j-2.17.2.jar;C:\download\maven3.8.6\resp\org\apache\logging\log4j\log4j-api\2.17.2\log4j-api-2.17.2.jar;C:\download\maven3.8.6\resp\org\slf4j\jul-to-slf4j\1.7.36\jul-to-slf4j-1.7.36.jar;C:\download\maven3.8.6\resp\jakarta\annotation\jakarta.annotation-api\1.3.5\jakarta.annotation-api-1.3.5.jar;C:\download\maven3.8.6\resp\org\yaml\snakeyaml\2.0\snakeyaml-2.0.jar;C:\download\maven3.8.6\resp\org\springframework\boot\spring-boot-starter-json\2.7.13\spring-boot-starter-json-2.7.13.jar;C:\download\maven3.8.6\resp\com\fasterxml\jackson\datatype\jackson-datatype-jdk8\2.13.5\jackson-datatype-jdk8-2.13.5.jar;C:\download\maven3.8.6\resp\com\fasterxml\jackson\module\jackson-module-parameter-names\2.13.5\jackson-module-parameter-names-2.13.5.jar;C:\download\maven3.8.6\resp\org\springframework\spring-web\5.3.28\spring-web-5.3.28.jar;C:\download\maven3.8.6\resp\org\springframework\spring-webmvc\5.3.28\spring-webmvc-5.3.28.jar;C:\download\maven3.8.6\resp\org\springframework\spring-expression\5.3.28\spring-expression-5.3.28.jar;C:\download\maven3.8.6\resp\org\springframework\boot\spring-boot-starter-undertow\3.1.4\spring-boot-starter-undertow-3.1.4.jar;C:\download\maven3.8.6\resp\io\undertow\undertow-cor
Launcher Type: SUN_STANDARD

[Global flags]
     bool BytecodeVerificationLocal                = false                                     {product} {command line}
     bool BytecodeVerificationRemote               = false                                     {product} {command line}
     intx CICompilerCount                          = 12                                        {product} {ergonomic}
     uint ConcGCThreads                            = 5                                         {product} {ergonomic}
     uint G1ConcRefinementThreads                  = 18                                        {product} {ergonomic}
   size_t G1HeapRegionSize                         = 2097152                                   {product} {ergonomic}
    uintx GCDrainStackTargetSize                   = 64                                        {product} {ergonomic}
   size_t InitialHeapSize                          = 534773760                                 {product} {ergonomic}
     bool ManagementServer                         = true                                      {product} {command line}
   size_t MarkStackSize                            = 4194304                                   {product} {ergonomic}
   size_t MaxHeapSize                              = 8547991552                                {product} {ergonomic}
   size_t MaxNewSize                               = 5127536640                                {product} {ergonomic}
   size_t MinHeapDeltaBytes                        = 2097152                                   {product} {ergonomic}
    uintx NonNMethodCodeHeapSize                   = 12163472                               {pd product} {ergonomic}
    uintx NonProfiledCodeHeapSize                  = 239494768                              {pd product} {ergonomic}
    uintx ProfiledCodeHeapSize                     = 0                                      {pd product} {ergonomic}
    uintx ReservedCodeCacheSize                    = 251658240                              {pd product} {ergonomic}
     bool SegmentedCodeCache                       = true                                      {product} {ergonomic}
     intx TieredStopAtLevel                        = 1                                         {product} {command line}
     bool UseCompressedClassPointers               = true                                 {lp64_product} {ergonomic}
     bool UseCompressedOops                        = true                                 {lp64_product} {ergonomic}
     bool UseG1GC                                  = true                                      {product} {ergonomic}
     bool UseLargePagesIndividualAllocation        = false                                  {pd product} {ergonomic}

Logging:
Log output configuration:
 #0: stdout all=warning uptime,level,tags
 #1: stderr all=off uptime,level,tags

Environment Variables:
JAVA_HOME=C:\Program Files\Java\jdk-17
PATH=C:\Program Files (x86)\Common Files\Intel\Shared Libraries\redist\intel64\compiler;c:\Users\H\AppData\Local\Programs\cursor\resources\app\bin;C:\Program Files (x86)\ShadowBot;C:\Program Files (x86)\VMware\VMware Workstation\bin\;C:\Windows\system32;C:\Windows;C:\Windows\System32\Wbem;C:\Windows\System32\WindowsPowerShell\v1.0\;C:\Windows\System32\OpenSSH\;C:\ProgramData\chocolatey\bin;C:\download\automedia\nssm\nssm-2.24\win64\nssm.exe;C:\Users\H\AppData\Roaming\nvm;C:\Program Files\nodejs;C:\download\maven3.8.6\bin;C:\Program Files\dotnet\;C:\Program Files (x86)\NVIDIA Corporation\PhysX\Common;C:\Program Files\Git\cmd;C:\Program Files\Pandoc\;C:\Users\H\AppData\Local\Programs\Python\Python312\Scripts\;C:\Users\H\AppData\Local\Programs\Python\Python312\;C:\Users\H\AppData\Local\Microsoft\WindowsApps;C:\Users\H\AppData\Local\JetBrains\Toolbox\scripts;C:\Program Files\ffmepg\bin;C:\Program Files\WireGuard\;C:\Program Files\NVIDIA Corporation\NVIDIA app\NvDLISR;C:\Program Files\Netbird;C:\Program Files\GitHub CLI\;C:\WINDOWS\system32;C:\WINDOWS;C:\WINDOWS\System32\Wbem;C:\WINDOWS\System32\WindowsPowerShell\v1.0\;C:\WINDOWS\System32\OpenSSH\;C:\Program Files\Go\bin;C:\Program Files\nodejs\;C:\Program Files\Java\jdk-17\bin;C:\download\hadoop\bin;C:\Users\H\AppData\Roaming\npm;C:\Users\H\AppData\Local\Programs\Python\Python310\Scripts\;C:\Users\H\AppData\Local\Programs\Python\Python310\;C:\Program Files (x86)\ShadowBot;C:\Users\H\AppData\Local\Programs\Python\Python312\Scripts\;C:\Users\H\AppData\Local\Programs\Python\Python312\;C:\Users\H\AppData\Local\Microsoft\WindowsApps;C:\Users\H\AppData\Local\JetBrains\Toolbox\scripts;C:\Users\H\AppData\Local\Programs\Microsoft VS Code\bin;C:\Users\H\AppData\Roaming\nvm;C:\Program Files\nodejs;C:\Program Files (x86)\Tencent\QQGameTempest\Hall.58319\;C:\Users\H\AppData\Local\Microsoft\WindowsApps;C:\Users\H\go\bin;C:\Program Files\JetBrains\GoLand 2024.3.4\bin;;C:\Users\H\AppData\Local\Programs\cursor\resources\app\bin;
USERNAME=H
OS=Windows_NT
PROCESSOR_IDENTIFIER=Intel64 Family 6 Model 183 Stepping 1, GenuineIntel



---------------  S Y S T E M  ---------------

OS: Windows 11 , 64 bit Build 26100 (10.0.26100.3775)
Hyper-V role detected

CPU:total 24 (initial active 24) (12 cores per cpu, 2 threads per core) family 6 model 183 stepping 1 microcode 0x129, cmov, cx8, fxsr, mmx, sse, sse2, sse3, ssse3, sse4.1, sse4.2, popcnt, avx, avx2, aes, clmul, erms, 3dnowpref, lzcnt, ht, tsc, tscinvbit, bmi1, bmi2, adx, sha, fma

Memory: 4k page, system-wide physical 32607M (4500M free)
TotalPageFile size 87903M (AvailPageFile size 46542M)
current process WorkingSet (physical memory assigned to process): 53M, peak: 53M
current process commit charge ("private bytes"): 634M, peak: 634M

vm_info: Java HotSpot(TM) 64-Bit Server VM (11.0.22+9-LTS-219) for windows-amd64 JRE (11.0.22+9-LTS-219), built on Dec 19 2023 22:08:21 by "mach5one" with MS VC++ 17.1 (VS2022)

END.
